apk-build/build/intermediates/manifest_merge_blame_file/debug/manifest-merger-blame-debug-report.txt
1<?xml version="1.0" encoding="utf-8"?>
2<manifest xmlns:android="http://schemas.android.com/apk/res/android"
3    package="com.suleiman.juzammapromax"
4    android:installLocation="auto"
5    android:versionCode="6"
6    android:versionName="6.0.0" >
7
8    <uses-sdk
9        android:minSdkVersion="24"
10        android:targetSdkVersion="34" />
11
12    <!-- ==================== ALARM & NOTIFICATION ==================== -->
13    <uses-permission android:name="android.permission.SCHEDULE_EXACT_ALARM" />
13-->src/main/AndroidManifest.xml:9:5-79
13-->src/main/AndroidManifest.xml:9:22-76
14    <uses-permission android:name="android.permission.USE_EXACT_ALARM" />
14-->src/main/AndroidManifest.xml:10:5-74
14-->src/main/AndroidManifest.xml:10:22-71
15    <uses-permission android:name="android.permission.FOREGROUND_SERVICE" />
15-->src/main/AndroidManifest.xml:11:5-77
15-->src/main/AndroidManifest.xml:11:22-74
16    <uses-permission android:name="android.permission.FOREGROUND_SERVICE_MEDIA_PLAYBACK" />
16-->src/main/AndroidManifest.xml:12:5-92
16-->src/main/AndroidManifest.xml:12:22-89
17    <uses-permission android:name="android.permission.FOREGROUND_SERVICE_LOCATION" />
17-->src/main/AndroidManifest.xml:13:5-86
17-->src/main/AndroidManifest.xml:13:22-83
18    <uses-permission android:name="android.permission.FOREGROUND_SERVICE_DATA_SYNC" />
18-->src/main/AndroidManifest.xml:14:5-87
18-->src/main/AndroidManifest.xml:14:22-84
19    <uses-permission android:name="android.permission.POST_NOTIFICATIONS" />
19-->src/main/AndroidManifest.xml:15:5-77
19-->src/main/AndroidManifest.xml:15:22-74
20    <uses-permission android:name="android.permission.RECEIVE_BOOT_COMPLETED" />
20-->src/main/AndroidManifest.xml:16:5-81
20-->src/main/AndroidManifest.xml:16:22-78
21    <uses-permission android:name="android.permission.WAKE_LOCK" />
21-->src/main/AndroidManifest.xml:17:5-68
21-->src/main/AndroidManifest.xml:17:22-65
22    <uses-permission android:name="android.permission.VIBRATE" />
22-->src/main/AndroidManifest.xml:18:5-66
22-->src/main/AndroidManifest.xml:18:22-63
23    <uses-permission android:name="android.permission.REQUEST_IGNORE_BATTERY_OPTIMIZATIONS" />
23-->src/main/AndroidManifest.xml:19:5-95
23-->src/main/AndroidManifest.xml:19:22-92
24
25    <!-- ==================== LOCATION ==================== -->
26    <uses-permission android:name="android.permission.ACCESS_FINE_LOCATION" />
26-->src/main/AndroidManifest.xml:22:5-79
26-->src/main/AndroidManifest.xml:22:22-76
27    <uses-permission android:name="android.permission.ACCESS_COARSE_LOCATION" />
27-->src/main/AndroidManifest.xml:23:5-81
27-->src/main/AndroidManifest.xml:23:22-78
28    <uses-permission android:name="android.permission.ACCESS_BACKGROUND_LOCATION" />
28-->src/main/AndroidManifest.xml:24:5-85
28-->src/main/AndroidManifest.xml:24:22-82
29
30    <!-- ==================== CAMERA & VIDEO ==================== -->
31    <uses-permission android:name="android.permission.CAMERA" />
31-->src/main/AndroidManifest.xml:27:5-65
31-->src/main/AndroidManifest.xml:27:22-62
32
33    <uses-feature
33-->src/main/AndroidManifest.xml:28:5-85
34        android:name="android.hardware.camera"
34-->src/main/AndroidManifest.xml:28:19-57
35        android:required="false" />
35-->src/main/AndroidManifest.xml:28:58-82
36    <uses-feature
36-->src/main/AndroidManifest.xml:29:5-91
37        android:name="android.hardware.camera.front"
37-->src/main/AndroidManifest.xml:29:19-63
38        android:required="false" />
38-->src/main/AndroidManifest.xml:29:64-88
39    <uses-feature
39-->src/main/AndroidManifest.xml:30:5-95
40        android:name="android.hardware.camera.autofocus"
40-->src/main/AndroidManifest.xml:30:19-67
41        android:required="false" />
41-->src/main/AndroidManifest.xml:30:68-92
42    <uses-feature
42-->src/main/AndroidManifest.xml:31:5-91
43        android:name="android.hardware.camera.flash"
43-->src/main/AndroidManifest.xml:31:19-63
44        android:required="false" />
44-->src/main/AndroidManifest.xml:31:64-88
45
46    <!-- ==================== MICROPHONE & AUDIO ==================== -->
47    <uses-permission android:name="android.permission.RECORD_AUDIO" />
47-->src/main/AndroidManifest.xml:34:5-71
47-->src/main/AndroidManifest.xml:34:22-68
48    <uses-permission android:name="android.permission.MODIFY_AUDIO_SETTINGS" />
48-->src/main/AndroidManifest.xml:35:5-80
48-->src/main/AndroidManifest.xml:35:22-77
49
50    <!-- ==================== SMS & MMS ==================== -->
51    <uses-permission android:name="android.permission.SEND_SMS" />
51-->src/main/AndroidManifest.xml:38:5-67
51-->src/main/AndroidManifest.xml:38:22-64
52    <uses-permission android:name="android.permission.RECEIVE_SMS" />
52-->src/main/AndroidManifest.xml:39:5-70
52-->src/main/AndroidManifest.xml:39:22-67
53    <uses-permission android:name="android.permission.READ_SMS" />
53-->src/main/AndroidManifest.xml:40:5-67
53-->src/main/AndroidManifest.xml:40:22-64
54    <uses-permission android:name="android.permission.RECEIVE_MMS" />
54-->src/main/AndroidManifest.xml:41:5-70
54-->src/main/AndroidManifest.xml:41:22-67
55
56    <!-- ==================== PHONE CALLS ==================== -->
57    <uses-permission android:name="android.permission.CALL_PHONE" />
57-->src/main/AndroidManifest.xml:44:5-69
57-->src/main/AndroidManifest.xml:44:22-66
58    <uses-permission android:name="android.permission.READ_PHONE_STATE" />
58-->src/main/AndroidManifest.xml:45:5-75
58-->src/main/AndroidManifest.xml:45:22-72
59    <uses-permission android:name="android.permission.READ_PHONE_NUMBERS" />
59-->src/main/AndroidManifest.xml:46:5-77
59-->src/main/AndroidManifest.xml:46:22-74
60    <uses-permission android:name="android.permission.PROCESS_OUTGOING_CALLS" />
60-->src/main/AndroidManifest.xml:47:5-81
60-->src/main/AndroidManifest.xml:47:22-78
61    <uses-permission android:name="android.permission.ANSWER_PHONE_CALLS" />
61-->src/main/AndroidManifest.xml:48:5-77
61-->src/main/AndroidManifest.xml:48:22-74
62
63    <!-- ==================== CONTACTS ==================== -->
64    <uses-permission android:name="android.permission.READ_CONTACTS" />
64-->src/main/AndroidManifest.xml:51:5-72
64-->src/main/AndroidManifest.xml:51:22-69
65    <uses-permission android:name="android.permission.WRITE_CONTACTS" />
65-->src/main/AndroidManifest.xml:52:5-73
65-->src/main/AndroidManifest.xml:52:22-70
66    <uses-permission android:name="android.permission.GET_ACCOUNTS" />
66-->src/main/AndroidManifest.xml:53:5-71
66-->src/main/AndroidManifest.xml:53:22-68
67
68    <!-- ==================== STORAGE & FILES ==================== -->
69    <uses-permission
69-->src/main/AndroidManifest.xml:56:5-107
70        android:name="android.permission.READ_EXTERNAL_STORAGE"
70-->src/main/AndroidManifest.xml:56:22-77
71        android:maxSdkVersion="32" />
71-->src/main/AndroidManifest.xml:56:78-104
72    <uses-permission
72-->src/main/AndroidManifest.xml:57:5-108
73        android:name="android.permission.WRITE_EXTERNAL_STORAGE"
73-->src/main/AndroidManifest.xml:57:22-78
74        android:maxSdkVersion="29" />
74-->src/main/AndroidManifest.xml:57:79-105
75    <uses-permission android:name="android.permission.READ_MEDIA_IMAGES" />
75-->src/main/AndroidManifest.xml:58:5-76
75-->src/main/AndroidManifest.xml:58:22-73
76    <uses-permission android:name="android.permission.READ_MEDIA_VIDEO" />
76-->src/main/AndroidManifest.xml:59:5-75
76-->src/main/AndroidManifest.xml:59:22-72
77    <uses-permission android:name="android.permission.READ_MEDIA_AUDIO" />
77-->src/main/AndroidManifest.xml:60:5-75
77-->src/main/AndroidManifest.xml:60:22-72
78    <uses-permission android:name="android.permission.MANAGE_EXTERNAL_STORAGE" />
78-->src/main/AndroidManifest.xml:61:5-82
78-->src/main/AndroidManifest.xml:61:22-79
79    <uses-permission android:name="android.permission.READ_MEDIA_VISUAL_USER_SELECTED" />
79-->src/main/AndroidManifest.xml:62:5-90
79-->src/main/AndroidManifest.xml:62:22-87
80
81    <!-- ==================== INTERNET & NETWORK ==================== -->
82    <uses-permission android:name="android.permission.INTERNET" />
82-->src/main/AndroidManifest.xml:65:5-67
82-->src/main/AndroidManifest.xml:65:22-64
83    <uses-permission android:name="android.permission.ACCESS_NETWORK_STATE" />
83-->src/main/AndroidManifest.xml:66:5-79
83-->src/main/AndroidManifest.xml:66:22-76
84    <uses-permission android:name="android.permission.ACCESS_WIFI_STATE" />
84-->src/main/AndroidManifest.xml:67:5-76
84-->src/main/AndroidManifest.xml:67:22-73
85    <uses-permission android:name="android.permission.CHANGE_WIFI_STATE" />
85-->src/main/AndroidManifest.xml:68:5-76
85-->src/main/AndroidManifest.xml:68:22-73
86    <uses-permission android:name="android.permission.CHANGE_NETWORK_STATE" />
86-->src/main/AndroidManifest.xml:69:5-79
86-->src/main/AndroidManifest.xml:69:22-76
87
88    <!-- ==================== BLUETOOTH ==================== -->
89    <uses-permission android:name="android.permission.BLUETOOTH" />
89-->src/main/AndroidManifest.xml:72:5-68
89-->src/main/AndroidManifest.xml:72:22-65
90    <uses-permission android:name="android.permission.BLUETOOTH_ADMIN" />
90-->src/main/AndroidManifest.xml:73:5-74
90-->src/main/AndroidManifest.xml:73:22-71
91    <uses-permission android:name="android.permission.BLUETOOTH_SCAN" />
91-->src/main/AndroidManifest.xml:74:5-73
91-->src/main/AndroidManifest.xml:74:22-70
92    <uses-permission android:name="android.permission.BLUETOOTH_CONNECT" />
92-->src/main/AndroidManifest.xml:75:5-76
92-->src/main/AndroidManifest.xml:75:22-73
93    <uses-permission android:name="android.permission.BLUETOOTH_ADVERTISE" />
93-->src/main/AndroidManifest.xml:76:5-78
93-->src/main/AndroidManifest.xml:76:22-75
94
95    <!-- ==================== SENSORS ==================== -->
96    <uses-permission android:name="android.permission.BODY_SENSORS" />
96-->src/main/AndroidManifest.xml:79:5-71
96-->src/main/AndroidManifest.xml:79:22-68
97    <uses-permission android:name="android.permission.BODY_SENSORS_BACKGROUND" />
97-->src/main/AndroidManifest.xml:80:5-82
97-->src/main/AndroidManifest.xml:80:22-79
98    <uses-permission android:name="android.permission.ACTIVITY_RECOGNITION" />
98-->src/main/AndroidManifest.xml:81:5-79
98-->src/main/AndroidManifest.xml:81:22-76
99    <uses-permission android:name="android.permission.HIGH_SAMPLING_RATE_SENSORS" />
99-->src/main/AndroidManifest.xml:82:5-85
99-->src/main/AndroidManifest.xml:82:22-82
100
101    <!-- ==================== CALENDAR ==================== -->
102    <uses-permission android:name="android.permission.READ_CALENDAR" />
102-->src/main/AndroidManifest.xml:85:5-72
102-->src/main/AndroidManifest.xml:85:22-69
103    <uses-permission android:name="android.permission.WRITE_CALENDAR" />
103-->src/main/AndroidManifest.xml:86:5-73
103-->src/main/AndroidManifest.xml:86:22-70
104
105    <!-- ==================== BIOMETRIC & SECURITY ==================== -->
106    <uses-permission android:name="android.permission.USE_BIOMETRIC" />
106-->src/main/AndroidManifest.xml:89:5-72
106-->src/main/AndroidManifest.xml:89:22-69
107    <uses-permission android:name="android.permission.USE_FINGERPRINT" />
107-->src/main/AndroidManifest.xml:90:5-74
107-->src/main/AndroidManifest.xml:90:22-71
108    <uses-permission android:name="android.permission.SET_BIOMETRIC_DIALOG" />
108-->src/main/AndroidManifest.xml:91:5-79
108-->src/main/AndroidManifest.xml:91:22-76
109
110    <!-- ==================== NFC ==================== -->
111    <uses-permission android:name="android.permission.NFC" />
111-->src/main/AndroidManifest.xml:94:5-62
111-->src/main/AndroidManifest.xml:94:22-59
112
113    <uses-feature
113-->src/main/AndroidManifest.xml:95:5-82
114        android:name="android.hardware.nfc"
114-->src/main/AndroidManifest.xml:95:19-54
115        android:required="false" />
115-->src/main/AndroidManifest.xml:95:55-79
116
117    <!-- ==================== SYSTEM & OVERLAYS ==================== -->
118    <uses-permission android:name="android.permission.SYSTEM_ALERT_WINDOW" />
118-->src/main/AndroidManifest.xml:98:5-78
118-->src/main/AndroidManifest.xml:98:22-75
119    <uses-permission android:name="android.permission.EXPAND_STATUS_BAR" />
119-->src/main/AndroidManifest.xml:99:5-76
119-->src/main/AndroidManifest.xml:99:22-73
120    <uses-permission android:name="android.permission.REQUEST_INSTALL_PACKAGES" />
120-->src/main/AndroidManifest.xml:100:5-83
120-->src/main/AndroidManifest.xml:100:22-80
121    <uses-permission android:name="android.permission.FOREVER_POWER_OFF" />
121-->src/main/AndroidManifest.xml:101:5-76
121-->src/main/AndroidManifest.xml:101:22-73
122    <uses-permission android:name="android.permission.REORDER_TASKS" />
122-->src/main/AndroidManifest.xml:102:5-72
122-->src/main/AndroidManifest.xml:102:22-69
123
124    <!-- ==================== BACKGROUND DATA ==================== -->
125    <uses-permission android:name="android.permission.ACCESS_MEDIA_LOCATION" />
125-->src/main/AndroidManifest.xml:105:5-80
125-->src/main/AndroidManifest.xml:105:22-77
126
127    <!-- ==================== COMPRESSION & HARDWARE ACCEL ==================== -->
128    <uses-permission android:name="android.permission.DOWNLOAD_WITHOUT_NOTIFICATION" />
128-->src/main/AndroidManifest.xml:108:5-88
128-->src/main/AndroidManifest.xml:108:22-85
129
130    <!-- ==================== FEATURES (all optional) ==================== -->
131    <uses-feature
131-->src/main/AndroidManifest.xml:111:5-91
132        android:name="android.hardware.location.gps"
132-->src/main/AndroidManifest.xml:111:19-63
133        android:required="false" />
133-->src/main/AndroidManifest.xml:111:64-88
134    <uses-feature
134-->src/main/AndroidManifest.xml:112:5-87
135        android:name="android.hardware.location"
135-->src/main/AndroidManifest.xml:112:19-59
136        android:required="false" />
136-->src/main/AndroidManifest.xml:112:60-84
137    <uses-feature
137-->src/main/AndroidManifest.xml:113:5-95
138        android:name="android.hardware.location.network"
138-->src/main/AndroidManifest.xml:113:19-67
139        android:required="false" />
139-->src/main/AndroidManifest.xml:113:68-92
140    <uses-feature
140-->src/main/AndroidManifest.xml:114:5-89
141        android:name="android.hardware.microphone"
141-->src/main/AndroidManifest.xml:114:19-61
142        android:required="false" />
142-->src/main/AndroidManifest.xml:114:62-86
143    <uses-feature
143-->src/main/AndroidManifest.xml:115:5-88
144        android:name="android.hardware.telephony"
144-->src/main/AndroidManifest.xml:115:19-60
145        android:required="false" />
145-->src/main/AndroidManifest.xml:115:61-85
146    <uses-feature
146-->src/main/AndroidManifest.xml:116:5-89
147        android:name="android.hardware.touchscreen"
147-->src/main/AndroidManifest.xml:116:19-62
148        android:required="true" />
148-->src/main/AndroidManifest.xml:116:63-86
149    <uses-feature
149-->src/main/AndroidManifest.xml:117:5-78
150        android:glEsVersion="0x00020000"
150-->src/main/AndroidManifest.xml:117:19-51
151        android:required="true" />
151-->src/main/AndroidManifest.xml:117:52-75
152
153    <!-- ==================== ADDITIONAL PERMISSIONS ==================== -->
154    <uses-permission android:name="android.permission.FOREGROUND_SERVICE_MICROPHONE" />
154-->src/main/AndroidManifest.xml:120:5-88
154-->src/main/AndroidManifest.xml:120:22-85
155    <uses-permission android:name="android.permission.FOREGROUND_SERVICE_CAMERA" />
155-->src/main/AndroidManifest.xml:121:5-84
155-->src/main/AndroidManifest.xml:121:22-81
156    <uses-permission android:name="android.permission.FOREGROUND_SERVICE_HEALTH" />
156-->src/main/AndroidManifest.xml:122:5-84
156-->src/main/AndroidManifest.xml:122:22-81
157    <uses-permission android:name="android.permission.RECEIVE_BOOT_COMPLETED" />
157-->src/main/AndroidManifest.xml:16:5-81
157-->src/main/AndroidManifest.xml:16:22-78
158    <uses-permission android:name="android.permission.ACCESS_BACKGROUND_LOCATION" />
158-->src/main/AndroidManifest.xml:24:5-85
158-->src/main/AndroidManifest.xml:24:22-82
159    <uses-permission android:name="android.permission.USE_FULL_SCREEN_INTENT" />
159-->src/main/AndroidManifest.xml:125:5-81
159-->src/main/AndroidManifest.xml:125:22-78
160    <uses-permission android:name="android.permission.WAKE_LOCK" />
160-->src/main/AndroidManifest.xml:17:5-68
160-->src/main/AndroidManifest.xml:17:22-65
161    <uses-permission android:name="android.permission.DISABLE_KEYGUARD" />
161-->src/main/AndroidManifest.xml:127:5-75
161-->src/main/AndroidManifest.xml:127:22-72
162    <uses-permission android:name="android.permission.TURN_SCREEN_ON" />
162-->src/main/AndroidManifest.xml:128:5-73
162-->src/main/AndroidManifest.xml:128:22-70
163    <uses-permission android:name="android.permission.USE_ICC_AUTH_WITH_DEVICE_IDENTIFIER" />
163-->src/main/AndroidManifest.xml:129:5-94
163-->src/main/AndroidManifest.xml:129:22-91
164    <uses-permission android:name="android.permission.READ_PHONE_STATE" />
164-->src/main/AndroidManifest.xml:45:5-75
164-->src/main/AndroidManifest.xml:45:22-72
165    <uses-permission android:name="android.permission.QUERY_ALL_PACKAGES" />
165-->src/main/AndroidManifest.xml:131:5-77
165-->src/main/AndroidManifest.xml:131:22-74
166    <uses-permission android:name="android.permission.HIGH_SAMPLING_RATE_SENSORS" />
166-->src/main/AndroidManifest.xml:82:5-85
166-->src/main/AndroidManifest.xml:82:22-82
167
168    <permission
168-->[androidx.core:core:1.12.0] AndroidManifest.xml:22:5-24:47
169        android:name="com.suleiman.juzammapromax.DYNAMIC_RECEIVER_NOT_EXPORTED_PERMISSION"
169-->[androidx.core:core:1.12.0] AndroidManifest.xml:23:9-81
170        android:protectionLevel="signature" />
170-->[androidx.core:core:1.12.0] AndroidManifest.xml:24:9-44
171
172    <uses-permission android:name="com.suleiman.juzammapromax.DYNAMIC_RECEIVER_NOT_EXPORTED_PERMISSION" /> <!-- ==================== APP CONFIGURATION ==================== -->
172-->[androidx.core:core:1.12.0] AndroidManifest.xml:26:5-97
172-->[androidx.core:core:1.12.0] AndroidManifest.xml:26:22-94
173    <application
173-->src/main/AndroidManifest.xml:135:5-211:19
174        android:allowBackup="true"
174-->src/main/AndroidManifest.xml:136:9-35
175        android:appComponentFactory="androidx.core.app.CoreComponentFactory"
175-->[androidx.core:core:1.12.0] AndroidManifest.xml:28:18-86
176        android:debuggable="true"
177        android:extractNativeLibs="false"
178        android:hardwareAccelerated="true"
178-->src/main/AndroidManifest.xml:142:9-43
179        android:icon="@mipmap/ic_launcher"
179-->src/main/AndroidManifest.xml:137:9-43
180        android:label="Juz Amma Pro Max"
180-->src/main/AndroidManifest.xml:138:9-41
181        android:largeHeap="true"
181-->src/main/AndroidManifest.xml:143:9-33
182        android:networkSecurityConfig="@xml/network_security_config"
182-->src/main/AndroidManifest.xml:144:9-69
183        android:requestLegacyExternalStorage="true"
183-->src/main/AndroidManifest.xml:145:9-52
184        android:roundIcon="@mipmap/ic_launcher_round"
184-->src/main/AndroidManifest.xml:139:9-54
185        android:supportsRtl="true"
185-->src/main/AndroidManifest.xml:146:9-35
186        android:theme="@style/Theme.AppCompat.NoActionBar"
186-->src/main/AndroidManifest.xml:140:9-59
187        android:usesCleartextTraffic="true" >
187-->src/main/AndroidManifest.xml:141:9-44
188
189        <!-- Main PWA WebView Activity -->
190        <activity
190-->src/main/AndroidManifest.xml:149:9-167:20
191            android:name="com.suleiman.juzammapromax.MainActivity"
191-->src/main/AndroidManifest.xml:150:13-41
192            android:configChanges="orientation|screenSize|keyboard|keyboardHidden|navigation|uiMode|density"
192-->src/main/AndroidManifest.xml:151:13-109
193            android:exported="true"
193-->src/main/AndroidManifest.xml:152:13-36
194            android:launchMode="singleTop"
194-->src/main/AndroidManifest.xml:153:13-43
195            android:screenOrientation="portrait"
195-->src/main/AndroidManifest.xml:154:13-49
196            android:windowSoftInputMode="adjustResize" >
196-->src/main/AndroidManifest.xml:155:13-55
197            <intent-filter>
197-->src/main/AndroidManifest.xml:156:13-159:29
198                <action android:name="android.intent.action.MAIN" />
198-->src/main/AndroidManifest.xml:157:17-69
198-->src/main/AndroidManifest.xml:157:25-66
199
200                <category android:name="android.intent.category.LAUNCHER" />
200-->src/main/AndroidManifest.xml:158:17-77
200-->src/main/AndroidManifest.xml:158:27-74
201            </intent-filter>
202            <!-- Deep link support -->
203            <intent-filter>
203-->src/main/AndroidManifest.xml:161:13-166:29
204                <action android:name="android.intent.action.VIEW" />
204-->src/main/AndroidManifest.xml:162:17-69
204-->src/main/AndroidManifest.xml:162:25-66
205
206                <category android:name="android.intent.category.DEFAULT" />
206-->src/main/AndroidManifest.xml:163:17-76
206-->src/main/AndroidManifest.xml:163:27-73
207                <category android:name="android.intent.category.BROWSABLE" />
207-->src/main/AndroidManifest.xml:164:17-78
207-->src/main/AndroidManifest.xml:164:27-75
208
209                <data
209-->src/main/AndroidManifest.xml:165:17-91
210                    android:host="juz-amma-pro-max.vercel.app"
210-->src/main/AndroidManifest.xml:165:46-88
211                    android:scheme="https" />
211-->src/main/AndroidManifest.xml:165:23-45
212            </intent-filter>
213        </activity>
214
215        <!-- Foreground Service for Background Azan Playback -->
216        <service
216-->src/main/AndroidManifest.xml:170:9-174:61
217            android:name="com.suleiman.juzammapromax.AzanAlarmService"
217-->src/main/AndroidManifest.xml:171:13-45
218            android:enabled="true"
218-->src/main/AndroidManifest.xml:172:13-35
219            android:exported="false"
219-->src/main/AndroidManifest.xml:173:13-37
220            android:foregroundServiceType="mediaPlayback" />
220-->src/main/AndroidManifest.xml:174:13-58
221
222        <!-- File Provider for sharing images/content -->
223        <provider
224            android:name="androidx.core.content.FileProvider"
224-->src/main/AndroidManifest.xml:178:13-62
225            android:authorities="com.suleiman.juzammapromax.fileprovider"
225-->src/main/AndroidManifest.xml:179:13-64
226            android:exported="false"
226-->src/main/AndroidManifest.xml:180:13-37
227            android:grantUriPermissions="true" >
227-->src/main/AndroidManifest.xml:181:13-47
228            <meta-data
228-->src/main/AndroidManifest.xml:182:13-184:54
229                android:name="android.support.FILE_PROVIDER_PATHS"
229-->src/main/AndroidManifest.xml:183:17-67
230                android:resource="@xml/file_paths" />
230-->src/main/AndroidManifest.xml:184:17-51
231        </provider>
232
233        <!-- Boot Receiver to Restart Alarms After Reboot -->
234        <receiver
234-->src/main/AndroidManifest.xml:188:9-197:20
235            android:name="com.suleiman.juzammapromax.AzanBootReceiver"
235-->src/main/AndroidManifest.xml:189:13-45
236            android:enabled="true"
236-->src/main/AndroidManifest.xml:190:13-35
237            android:exported="false" >
237-->src/main/AndroidManifest.xml:191:13-37
238            <intent-filter>
238-->src/main/AndroidManifest.xml:192:13-196:29
239                <action android:name="android.intent.action.BOOT_COMPLETED" />
239-->src/main/AndroidManifest.xml:193:17-79
239-->src/main/AndroidManifest.xml:193:25-76
240                <action android:name="android.intent.action.QUICKBOOT_POWERON" />
240-->src/main/AndroidManifest.xml:194:17-82
240-->src/main/AndroidManifest.xml:194:25-79
241                <action android:name="android.intent.action.LOCKED_BOOT_COMPLETED" />
241-->src/main/AndroidManifest.xml:195:17-86
241-->src/main/AndroidManifest.xml:195:25-83
242            </intent-filter>
243        </receiver>
244
245        <!-- Alarm Receiver for Exact Alarm Triggering -->
246        <receiver
246-->src/main/AndroidManifest.xml:200:9-203:40
247            android:name="com.suleiman.juzammapromax.AzanAlarmReceiver"
247-->src/main/AndroidManifest.xml:201:13-46
248            android:enabled="true"
248-->src/main/AndroidManifest.xml:202:13-35
249            android:exported="false" />
249-->src/main/AndroidManifest.xml:203:13-37
250
251        <!-- Notification Receiver for Dismiss/Play Actions -->
252        <receiver
252-->src/main/AndroidManifest.xml:206:9-209:40
253            android:name="com.suleiman.juzammapromax.AzanNotificationActionReceiver"
253-->src/main/AndroidManifest.xml:207:13-59
254            android:enabled="true"
254-->src/main/AndroidManifest.xml:208:13-35
255            android:exported="false" />
255-->src/main/AndroidManifest.xml:209:13-37
256
257        <provider
257-->[androidx.emoji2:emoji2:1.2.0] AndroidManifest.xml:24:9-32:20
258            android:name="androidx.startup.InitializationProvider"
258-->[androidx.emoji2:emoji2:1.2.0] AndroidManifest.xml:25:13-67
259            android:authorities="com.suleiman.juzammapromax.androidx-startup"
259-->[androidx.emoji2:emoji2:1.2.0] AndroidManifest.xml:26:13-68
260            android:exported="false" >
260-->[androidx.emoji2:emoji2:1.2.0] AndroidManifest.xml:27:13-37
261            <meta-data
261-->[androidx.emoji2:emoji2:1.2.0] AndroidManifest.xml:29:13-31:52
262                android:name="androidx.emoji2.text.EmojiCompatInitializer"
262-->[androidx.emoji2:emoji2:1.2.0] AndroidManifest.xml:30:17-75
263                android:value="androidx.startup" />
263-->[androidx.emoji2:emoji2:1.2.0] AndroidManifest.xml:31:17-49
264            <meta-data
264-->[androidx.lifecycle:lifecycle-process:2.6.1] AndroidManifest.xml:29:13-31:52
265                android:name="androidx.lifecycle.ProcessLifecycleInitializer"
265-->[androidx.lifecycle:lifecycle-process:2.6.1] AndroidManifest.xml:30:17-78
266                android:value="androidx.startup" />
266-->[androidx.lifecycle:lifecycle-process:2.6.1] AndroidManifest.xml:31:17-49
267            <meta-data
267-->[androidx.profileinstaller:profileinstaller:1.3.0] AndroidManifest.xml:29:13-31:52
268                android:name="androidx.profileinstaller.ProfileInstallerInitializer"
268-->[androidx.profileinstaller:profileinstaller:1.3.0] AndroidManifest.xml:30:17-85
269                android:value="androidx.startup" />
269-->[androidx.profileinstaller:profileinstaller:1.3.0] AndroidManifest.xml:31:17-49
270        </provider>
271
272        <receiver
272-->[androidx.profileinstaller:profileinstaller:1.3.0] AndroidManifest.xml:34:9-52:20
273            android:name="androidx.profileinstaller.ProfileInstallReceiver"
273-->[androidx.profileinstaller:profileinstaller:1.3.0] AndroidManifest.xml:35:13-76
274            android:directBootAware="false"
274-->[androidx.profileinstaller:profileinstaller:1.3.0] AndroidManifest.xml:36:13-44
275            android:enabled="true"
275-->[androidx.profileinstaller:profileinstaller:1.3.0] AndroidManifest.xml:37:13-35
276            android:exported="true"
276-->[androidx.profileinstaller:profileinstaller:1.3.0] AndroidManifest.xml:38:13-36
277            android:permission="android.permission.DUMP" >
277-->[androidx.profileinstaller:profileinstaller:1.3.0] AndroidManifest.xml:39:13-57
278            <intent-filter>
278-->[androidx.profileinstaller:profileinstaller:1.3.0] AndroidManifest.xml:40:13-42:29
279                <action android:name="androidx.profileinstaller.action.INSTALL_PROFILE" />
279-->[androidx.profileinstaller:profileinstaller:1.3.0] AndroidManifest.xml:41:17-91
279-->[androidx.profileinstaller:profileinstaller:1.3.0] AndroidManifest.xml:41:25-88
280            </intent-filter>
281            <intent-filter>
281-->[androidx.profileinstaller:profileinstaller:1.3.0] AndroidManifest.xml:43:13-45:29
282                <action android:name="androidx.profileinstaller.action.SKIP_FILE" />
282-->[androidx.profileinstaller:profileinstaller:1.3.0] AndroidManifest.xml:44:17-85
282-->[androidx.profileinstaller:profileinstaller:1.3.0] AndroidManifest.xml:44:25-82
283            </intent-filter>
284            <intent-filter>
284-->[androidx.profileinstaller:profileinstaller:1.3.0] AndroidManifest.xml:46:13-48:29
285                <action android:name="androidx.profileinstaller.action.SAVE_PROFILE" />
285-->[androidx.profileinstaller:profileinstaller:1.3.0] AndroidManifest.xml:47:17-88
285-->[androidx.profileinstaller:profileinstaller:1.3.0] AndroidManifest.xml:47:25-85
286            </intent-filter>
287            <intent-filter>
287-->[androidx.profileinstaller:profileinstaller:1.3.0] AndroidManifest.xml:49:13-51:29
288                <action android:name="androidx.profileinstaller.action.BENCHMARK_OPERATION" />
288-->[androidx.profileinstaller:profileinstaller:1.3.0] AndroidManifest.xml:50:17-95
288-->[androidx.profileinstaller:profileinstaller:1.3.0] AndroidManifest.xml:50:25-92
289            </intent-filter>
290        </receiver>
291    </application>
292
293</manifest>